2026-01-19 22:19:49,933 INFO o.a.j.u.JMeterUtils: Setting Locale to en_EN
2026-01-19 22:19:49,957 INFO o.a.j.JMeter: Loading user properties from: C:\jmeter\apache-jmeter-5.6.3\bin\user.properties
2026-01-19 22:19:49,960 INFO o.a.j.JMeter: Loading system properties from: C:\jmeter\apache-jmeter-5.6.3\bin\system.properties
2026-01-19 22:19:49,968 INFO o.a.j.JMeter: Copyright (c) 1998-2024 The Apache Software Foundation
2026-01-19 22:19:49,968 INFO o.a.j.JMeter: Version 5.6.3
2026-01-19 22:19:49,968 INFO o.a.j.JMeter: java.version=21.0.6
2026-01-19 22:19:49,968 INFO o.a.j.JMeter: java.vm.name=Java HotSpot(TM) 64-Bit Server VM
2026-01-19 22:19:49,968 INFO o.a.j.JMeter: os.name=Windows 11
2026-01-19 22:19:49,968 INFO o.a.j.JMeter: os.arch=amd64
2026-01-19 22:19:49,969 INFO o.a.j.JMeter: os.version=10.0
2026-01-19 22:19:49,969 INFO o.a.j.JMeter: file.encoding=UTF-8
2026-01-19 22:19:49,969 INFO o.a.j.JMeter: java.awt.headless=true
2026-01-19 22:19:49,969 INFO o.a.j.JMeter: Max memory     =1073741824
2026-01-19 22:19:49,969 INFO o.a.j.JMeter: Available Processors =4
2026-01-19 22:19:49,981 INFO o.a.j.JMeter: Default Locale=English (EN)
2026-01-19 22:19:49,981 INFO o.a.j.JMeter: JMeter  Locale=English (EN)
2026-01-19 22:19:49,981 INFO o.a.j.JMeter: JMeterHome=C:\jmeter\apache-jmeter-5.6.3
2026-01-19 22:19:49,981 INFO o.a.j.JMeter: user.dir  =C:\Users\user\OneDrive\Desktop\sre\assessment-cc-sre-kubernetes-sr-01\codebase\rdicidr-0.1.0
2026-01-19 22:19:49,981 INFO o.a.j.JMeter: PWD       =C:\Users\user\OneDrive\Desktop\sre\assessment-cc-sre-kubernetes-sr-01\codebase\rdicidr-0.1.0
2026-01-19 22:19:49,985 INFO o.a.j.JMeter: IP: 172.25.176.1 Name: Firoz-PC FullName: Firoz-PC.mshome.net
2026-01-19 22:19:50,010 INFO o.a.j.JMeter: Setting property 'jmeter.reportgenerator.outputdir' to:'C:\Users\user\OneDrive\Desktop\sre\assessment-cc-sre-kubernetes-sr-01\codebase\rdicidr-0.1.0\report'
2026-01-19 22:19:50,010 ERROR o.a.j.JMeter: An error occurred: 
org.apache.jmeter.report.config.ConfigurationException: The file C:\Users\user\OneDrive\Desktop\sre\assessment-cc-sre-kubernetes-sr-01\codebase\rdicidr-0.1.0\load-test.jmx doesn't exist or can't be opened
	at org.apache.jmeter.JMeter.runNonGui(JMeter.java:950) ~[ApacheJMeter_core.jar:5.6.3]
	at org.apache.jmeter.JMeter.startNonGui(JMeter.java:940) ~[ApacheJMeter_core.jar:5.6.3]
	at org.apache.jmeter.JMeter.start(JMeter.java:508) [ApacheJMeter_core.jar:5.6.3]
	at java.base/jdk.internal.reflect.DirectMethodHandleAccessor.invoke(DirectMethodHandleAccessor.java:103) ~[?:?]
	at java.base/java.lang.reflect.Method.invoke(Method.java:580) ~[?:?]
	at org.apache.jmeter.NewDriver.main(NewDriver.java:259) [ApacheJMeter.jar:5.6.3]
